
D:\prj\tex\bdrvntu>rem typesetting with UTF8 bibtex tool 

D:\prj\tex\bdrvntu>rem copy umake.bat to ..\miktex\bin\x64\ 

D:\prj\tex\bdrvntu>rem TeXworks->Edit->Preferences->Typesetting->Processing tool->'+' 

D:\prj\tex\bdrvntu>rem Name: PdfLaTeX+BibtexU, Program: umake.bat, Arguments: $fullname 

D:\prj\tex\bdrvntu>rem or make manually calling umake.bat *.tex from command line 

D:\prj\tex\bdrvntu>pdflatex -shell-escape bdr.tex 
This is pdfTeX, Version 3.141592653-2.6-1.40.24 (MiKTeX 21.12.10) (preloaded format=pdflatex.fmt)
 \write18 enabled.
entering extended mode
(bdr.tex
LaTeX2e <2021-11-15> patch level 1
L3 programming layer <2022-01-21> (bdrvntu.cls
Document Class: bdrvntu 2021/06/14 v1.0 Non Standard LaTeX class

(C:\Users\user9\AppData\Local\Programs\MiKTeX 2.9\tex/latex/extsizes\extreport.
cls
Document Class: extreport 1996/10/08 v1.0 Non Standard LaTeX document class

(C:\Users\user9\AppData\Local\Programs\MiKTeX 2.9\tex/latex/extsizes\size14.clo
) (C:\Users\user9\AppData\Local\Programs\MiKTeX 2.9\tex/latex/base\exscale.sty)
) (C:\Users\user9\AppData\Local\Programs\MiKTeX 2.9\tex/latex/cmap\cmap.sty)
(C:\Users\user9\AppData\Local\Programs\MiKTeX 2.9\tex/latex/base\inputenc.sty)
(C:\Users\user9\AppData\Local\Programs\MiKTeX 2.9\tex/latex/base\fontenc.sty
(C:\Users\user9\AppData\Local\Programs\MiKTeX 2.9\tex/latex/cyrillic\t2aenc.def
(C:\Users\user9\AppData\Local\Programs\MiKTeX 2.9\tex/latex/base\t2aenc.dfu))<<
t1.cmap>>)
(C:\Users\user9\AppData\Local\Programs\MiKTeX 2.9\tex/generic/babel\babel.sty
(C:\Users\user9\AppData\Local\Programs\MiKTeX 2.9\tex/generic/babel\txtbabel.de
f)
*************************************
* Local config file bblopts.cfg used
*
(C:\Users\user9\AppData\Local\Programs\MiKTeX 2.9\tex/latex/arabi\bblopts.cfg)
(C:\Users\user9\AppData\Local\Programs\MiKTeX 2.9\tex/latex/babel-english\engli
sh.ldf)
(C:\Users\user9\AppData\Local\Programs\MiKTeX 2.9\tex/latex/babel-russian\russi
anb.ldf)
(C:\Users\user9\AppData\Local\Programs\MiKTeX 2.9\tex/latex/babel-ukrainian\ukr
aineb.ldf))
(C:\Users\user9\AppData\Local\Programs\MiKTeX 2.9\tex/latex/geometry\geometry.s
ty
(C:\Users\user9\AppData\Local\Programs\MiKTeX 2.9\tex/latex/graphics\keyval.sty
)
(C:\Users\user9\AppData\Local\Programs\MiKTeX 2.9\tex/generic/iftex\ifvtex.sty
(C:\Users\user9\AppData\Local\Programs\MiKTeX 2.9\tex/generic/iftex\iftex.sty))

(C:\Users\user9\AppData\Local\Programs\MiKTeX 2.9\tex/latex/geometry\geometry.c
fg))
(C:\Users\user9\AppData\Local\Programs\MiKTeX 2.9\tex/latex/eso-pic\eso-pic.sty
(C:\Users\user9\AppData\Local\Programs\MiKTeX 2.9\tex/latex/xcolor\xcolor.sty
(C:\Users\user9\AppData\Local\Programs\MiKTeX 2.9\tex/latex/graphics-cfg\color.
cfg)
(C:\Users\user9\AppData\Local\Programs\MiKTeX 2.9\tex/latex/graphics-def\pdftex
.def)))
(C:\Users\user9\AppData\Local\Programs\MiKTeX 2.9\tex/latex/pgf/frontendlayer\t
ikz.sty
(C:\Users\user9\AppData\Local\Programs\MiKTeX 2.9\tex/latex/pgf/basiclayer\pgf.
sty
(C:\Users\user9\AppData\Local\Programs\MiKTeX 2.9\tex/latex/pgf/utilities\pgfrc
s.sty
(C:\Users\user9\AppData\Local\Programs\MiKTeX 2.9\tex/generic/pgf/utilities\pgf
util-common.tex
(C:\Users\user9\AppData\Local\Programs\MiKTeX 2.9\tex/generic/pgf/utilities\pgf
util-common-lists.tex))
(C:\Users\user9\AppData\Local\Programs\MiKTeX 2.9\tex/generic/pgf/utilities\pgf
util-latex.def)
(C:\Users\user9\AppData\Local\Programs\MiKTeX 2.9\tex/generic/pgf/utilities\pgf
rcs.code.tex
(C:\Users\user9\AppData\Local\Programs\MiKTeX 2.9\tex/generic/pgf\pgf.revision.
tex)))
(C:\Users\user9\AppData\Local\Programs\MiKTeX 2.9\tex/latex/pgf/basiclayer\pgfc
ore.sty
(C:\Users\user9\AppData\Local\Programs\MiKTeX 2.9\tex/latex/graphics\graphicx.s
ty
(C:\Users\user9\AppData\Local\Programs\MiKTeX 2.9\tex/latex/graphics\graphics.s
ty
(C:\Users\user9\AppData\Local\Programs\MiKTeX 2.9\tex/latex/graphics\trig.sty)
(C:\Users\user9\AppData\Local\Programs\MiKTeX 2.9\tex/latex/graphics-cfg\graphi
cs.cfg)))
(C:\Users\user9\AppData\Local\Programs\MiKTeX 2.9\tex/latex/pgf/systemlayer\pgf
sys.sty
(C:\Users\user9\AppData\Local\Programs\MiKTeX 2.9\tex/generic/pgf/systemlayer\p
gfsys.code.tex
(C:\Users\user9\AppData\Local\Programs\MiKTeX 2.9\tex/generic/pgf/utilities\pgf
keys.code.tex
(C:\Users\user9\AppData\Local\Programs\MiKTeX 2.9\tex/generic/pgf/utilities\pgf
keysfiltered.code.tex))
(C:\Users\user9\AppData\Local\Programs\MiKTeX 2.9\tex/generic/pgf/systemlayer\p
gf.cfg)
(C:\Users\user9\AppData\Local\Programs\MiKTeX 2.9\tex/generic/pgf/systemlayer\p
gfsys-pdftex.def
(C:\Users\user9\AppData\Local\Programs\MiKTeX 2.9\tex/generic/pgf/systemlayer\p
gfsys-common-pdf.def)))
(C:\Users\user9\AppData\Local\Programs\MiKTeX 2.9\tex/generic/pgf/systemlayer\p
gfsyssoftpath.code.tex)
(C:\Users\user9\AppData\Local\Programs\MiKTeX 2.9\tex/generic/pgf/systemlayer\p
gfsysprotocol.code.tex))
(C:\Users\user9\AppData\Local\Programs\MiKTeX 2.9\tex/generic/pgf/basiclayer\pg
fcore.code.tex
(C:\Users\user9\AppData\Local\Programs\MiKTeX 2.9\tex/generic/pgf/math\pgfmath.
code.tex
(C:\Users\user9\AppData\Local\Programs\MiKTeX 2.9\tex/generic/pgf/math\pgfmathc
alc.code.tex
(C:\Users\user9\AppData\Local\Programs\MiKTeX 2.9\tex/generic/pgf/math\pgfmathu
til.code.tex)
(C:\Users\user9\AppData\Local\Programs\MiKTeX 2.9\tex/generic/pgf/math\pgfmathp
arser.code.tex)
(C:\Users\user9\AppData\Local\Programs\MiKTeX 2.9\tex/generic/pgf/math\pgfmathf
unctions.code.tex
(C:\Users\user9\AppData\Local\Programs\MiKTeX 2.9\tex/generic/pgf/math\pgfmathf
unctions.basic.code.tex)
(C:\Users\user9\AppData\Local\Programs\MiKTeX 2.9\tex/generic/pgf/math\pgfmathf
unctions.trigonometric.code.tex)
(C:\Users\user9\AppData\Local\Programs\MiKTeX 2.9\tex/generic/pgf/math\pgfmathf
unctions.random.code.tex)
(C:\Users\user9\AppData\Local\Programs\MiKTeX 2.9\tex/generic/pgf/math\pgfmathf
unctions.comparison.code.tex)
(C:\Users\user9\AppData\Local\Programs\MiKTeX 2.9\tex/generic/pgf/math\pgfmathf
unctions.base.code.tex)
(C:\Users\user9\AppData\Local\Programs\MiKTeX 2.9\tex/generic/pgf/math\pgfmathf
unctions.round.code.tex)
(C:\Users\user9\AppData\Local\Programs\MiKTeX 2.9\tex/generic/pgf/math\pgfmathf
unctions.misc.code.tex)
(C:\Users\user9\AppData\Local\Programs\MiKTeX 2.9\tex/generic/pgf/math\pgfmathf
unctions.integerarithmetics.code.tex)))
(C:\Users\user9\AppData\Local\Programs\MiKTeX 2.9\tex/generic/pgf/math\pgfmathf
loat.code.tex))
(C:\Users\user9\AppData\Local\Programs\MiKTeX 2.9\tex/generic/pgf/math\pgfint.c
ode.tex)
(C:\Users\user9\AppData\Local\Programs\MiKTeX 2.9\tex/generic/pgf/basiclayer\pg
fcorepoints.code.tex)
(C:\Users\user9\AppData\Local\Programs\MiKTeX 2.9\tex/generic/pgf/basiclayer\pg
fcorepathconstruct.code.tex)
(C:\Users\user9\AppData\Local\Programs\MiKTeX 2.9\tex/generic/pgf/basiclayer\pg
fcorepathusage.code.tex)
(C:\Users\user9\AppData\Local\Programs\MiKTeX 2.9\tex/generic/pgf/basiclayer\pg
fcorescopes.code.tex)
(C:\Users\user9\AppData\Local\Programs\MiKTeX 2.9\tex/generic/pgf/basiclayer\pg
fcoregraphicstate.code.tex)
(C:\Users\user9\AppData\Local\Programs\MiKTeX 2.9\tex/generic/pgf/basiclayer\pg
fcoretransformations.code.tex)
(C:\Users\user9\AppData\Local\Programs\MiKTeX 2.9\tex/generic/pgf/basiclayer\pg
fcorequick.code.tex)
(C:\Users\user9\AppData\Local\Programs\MiKTeX 2.9\tex/generic/pgf/basiclayer\pg
fcoreobjects.code.tex)
(C:\Users\user9\AppData\Local\Programs\MiKTeX 2.9\tex/generic/pgf/basiclayer\pg
fcorepathprocessing.code.tex)
(C:\Users\user9\AppData\Local\Programs\MiKTeX 2.9\tex/generic/pgf/basiclayer\pg
fcorearrows.code.tex)
(C:\Users\user9\AppData\Local\Programs\MiKTeX 2.9\tex/generic/pgf/basiclayer\pg
fcoreshade.code.tex)
(C:\Users\user9\AppData\Local\Programs\MiKTeX 2.9\tex/generic/pgf/basiclayer\pg
fcoreimage.code.tex
(C:\Users\user9\AppData\Local\Programs\MiKTeX 2.9\tex/generic/pgf/basiclayer\pg
fcoreexternal.code.tex))
(C:\Users\user9\AppData\Local\Programs\MiKTeX 2.9\tex/generic/pgf/basiclayer\pg
fcorelayers.code.tex)
(C:\Users\user9\AppData\Local\Programs\MiKTeX 2.9\tex/generic/pgf/basiclayer\pg
fcoretransparency.code.tex)
(C:\Users\user9\AppData\Local\Programs\MiKTeX 2.9\tex/generic/pgf/basiclayer\pg
fcorepatterns.code.tex)
(C:\Users\user9\AppData\Local\Programs\MiKTeX 2.9\tex/generic/pgf/basiclayer\pg
fcorerdf.code.tex)))
(C:\Users\user9\AppData\Local\Programs\MiKTeX 2.9\tex/generic/pgf/modules\pgfmo
duleshapes.code.tex)
(C:\Users\user9\AppData\Local\Programs\MiKTeX 2.9\tex/generic/pgf/modules\pgfmo
duleplot.code.tex)
(C:\Users\user9\AppData\Local\Programs\MiKTeX 2.9\tex/latex/pgf/compatibility\p
gfcomp-version-0-65.sty)
(C:\Users\user9\AppData\Local\Programs\MiKTeX 2.9\tex/latex/pgf/compatibility\p
gfcomp-version-1-18.sty))
(C:\Users\user9\AppData\Local\Programs\MiKTeX 2.9\tex/latex/pgf/utilities\pgffo
r.sty
(C:\Users\user9\AppData\Local\Programs\MiKTeX 2.9\tex/latex/pgf/utilities\pgfke
ys.sty
(C:\Users\user9\AppData\Local\Programs\MiKTeX 2.9\tex/generic/pgf/utilities\pgf
keys.code.tex))
(C:\Users\user9\AppData\Local\Programs\MiKTeX 2.9\tex/latex/pgf/math\pgfmath.st
y
(C:\Users\user9\AppData\Local\Programs\MiKTeX 2.9\tex/generic/pgf/math\pgfmath.
code.tex))
(C:\Users\user9\AppData\Local\Programs\MiKTeX 2.9\tex/generic/pgf/utilities\pgf
for.code.tex
(C:\Users\user9\AppData\Local\Programs\MiKTeX 2.9\tex/generic/pgf/math\pgfmath.
code.tex)))
(C:\Users\user9\AppData\Local\Programs\MiKTeX 2.9\tex/generic/pgf/frontendlayer
/tikz\tikz.code.tex
(C:\Users\user9\AppData\Local\Programs\MiKTeX 2.9\tex/generic/pgf/libraries\pgf
libraryplothandlers.code.tex)
(C:\Users\user9\AppData\Local\Programs\MiKTeX 2.9\tex/generic/pgf/modules\pgfmo
dulematrix.code.tex)
(C:\Users\user9\AppData\Local\Programs\MiKTeX 2.9\tex/generic/pgf/frontendlayer
/tikz/libraries\tikzlibrarytopaths.code.tex)))
(C:\Users\user9\AppData\Local\Programs\MiKTeX 2.9\tex/latex/textpos\textpos.sty
Package: textpos 2020/09/26 1.10, absolute positioning of text on the page
Grid set 16 x 16 = 37.34424pt x 52.81541pt
TextBlockOrigin set to 0pt x 0pt
) (C:\Users\user9\AppData\Local\Programs\MiKTeX 2.9\tex/latex/url\url.sty)
(C:\Users\user9\AppData\Local\Programs\MiKTeX 2.9\tex/latex/cite\cite.sty)
(C:\Users\user9\AppData\Local\Programs\MiKTeX 2.9\tex/latex/hyperref\hyperref.s
ty
(C:\Users\user9\AppData\Local\Programs\MiKTeX 2.9\tex/generic/ltxcmds\ltxcmds.s
ty)
(C:\Users\user9\AppData\Local\Programs\MiKTeX 2.9\tex/generic/pdftexcmds\pdftex
cmds.sty
(C:\Users\user9\AppData\Local\Programs\MiKTeX 2.9\tex/generic/infwarerr\infware
rr.sty))
(C:\Users\user9\AppData\Local\Programs\MiKTeX 2.9\tex/generic/kvsetkeys\kvsetke
ys.sty)
(C:\Users\user9\AppData\Local\Programs\MiKTeX 2.9\tex/generic/kvdefinekeys\kvde
finekeys.sty)
(C:\Users\user9\AppData\Local\Programs\MiKTeX 2.9\tex/generic/pdfescape\pdfesca
pe.sty)
(C:\Users\user9\AppData\Local\Programs\MiKTeX 2.9\tex/latex/hycolor\hycolor.sty
)
(C:\Users\user9\AppData\Local\Programs\MiKTeX 2.9\tex/latex/letltxmacro\letltxm
acro.sty)
(C:\Users\user9\AppData\Local\Programs\MiKTeX 2.9\tex/latex/auxhook\auxhook.sty
)
(C:\Users\user9\AppData\Local\Programs\MiKTeX 2.9\tex/latex/kvoptions\kvoptions
.sty)
(C:\Users\user9\AppData\Local\Programs\MiKTeX 2.9\tex/latex/hyperref\pd1enc.def
)
(C:\Users\user9\AppData\Local\Programs\MiKTeX 2.9\tex/latex/hyperref\hyperref-l
angpatches.def)
(C:\Users\user9\AppData\Local\Programs\MiKTeX 2.9\tex/generic/intcalc\intcalc.s
ty)
(C:\Users\user9\AppData\Local\Programs\MiKTeX 2.9\tex/generic/etexcmds\etexcmds
.sty)
(C:\Users\user9\AppData\Local\Programs\MiKTeX 2.9\tex/latex/hyperref\puenc.def)

(C:\Users\user9\AppData\Local\Programs\MiKTeX 2.9\tex/generic/bitset\bitset.sty

(C:\Users\user9\AppData\Local\Programs\MiKTeX 2.9\tex/generic/bigintcalc\bigint
calc.sty))
(C:\Users\user9\AppData\Local\Programs\MiKTeX 2.9\tex/latex/base\atbegshi-ltx.s
ty))
(C:\Users\user9\AppData\Local\Programs\MiKTeX 2.9\tex/latex/hyperref\hpdftex.de
f
(C:\Users\user9\AppData\Local\Programs\MiKTeX 2.9\tex/latex/base\atveryend-ltx.
sty)
(C:\Users\user9\AppData\Local\Programs\MiKTeX 2.9\tex/latex/rerunfilecheck\reru
nfilecheck.sty
(C:\Users\user9\AppData\Local\Programs\MiKTeX 2.9\tex/generic/uniquecounter\uni
quecounter.sty)))
(C:\Users\user9\AppData\Local\Programs\MiKTeX 2.9\tex/latex/ulem\ulem.sty)
(C:\Users\user9\AppData\Local\Programs\MiKTeX 2.9\tex/latex/tools\longtable.sty
)
(C:\Users\user9\AppData\Local\Programs\MiKTeX 2.9\tex/latex/pdfpages\pdfpages.s
ty (C:\Users\user9\AppData\Local\Programs\MiKTeX 2.9\tex/latex/base\ifthen.sty)
 (C:\Users\user9\AppData\Local\Programs\MiKTeX 2.9\tex/latex/tools\calc.sty)
(C:\Users\user9\AppData\Local\Programs\MiKTeX 2.9\tex/latex/pdfpages\pppdftex.d
ef))
(C:\Users\user9\AppData\Local\Programs\MiKTeX 2.9\tex/latex/xcntperchap\xcntper
chap.sty
(C:\Users\user9\AppData\Local\Programs\MiKTeX 2.9\tex/latex/zref\zref.sty
(C:\Users\user9\AppData\Local\Programs\MiKTeX 2.9\tex/latex/zref\zref-base.sty)
)
(C:\Users\user9\AppData\Local\Programs\MiKTeX 2.9\tex/latex/zref\zref-counter.s
ty)
(C:\Users\user9\AppData\Local\Programs\MiKTeX 2.9\tex/latex/l3packages/l3keys2e
\l3keys2e.sty
(C:\Users\user9\AppData\Local\Programs\MiKTeX 2.9\tex/latex/l3kernel\expl3.sty
(C:\Users\user9\AppData\Local\Programs\MiKTeX 2.9\tex/latex/l3backend\l3backend
-pdftex.def)))
(C:\Users\user9\AppData\Local\Programs\MiKTeX 2.9\tex/latex/l3packages/xparse\x
parse.sty)
(C:\Users\user9\AppData\Local\Programs\MiKTeX 2.9\tex/latex/xassoccnt\xassoccnt
.sty
(C:\Users\user9\AppData\Local\Programs\MiKTeX 2.9\tex/latex/etoolbox\etoolbox.s
ty))

Package xassoccnt Warning: Warning: Package "calc" is loaded -- this is not
(xassoccnt)                recommended for xassoccnt
(xassoccnt)                

)
(C:\Users\user9\AppData\Local\Programs\MiKTeX 2.9\tex/generic/soulutf8\soulutf8
.sty
(C:\Users\user9\AppData\Local\Programs\MiKTeX 2.9\tex/generic/soul\soul.sty))
(C:\Users\user9\AppData\Local\Programs\MiKTeX 2.9\tex/latex/linegoal\linegoal.s
ty
(C:\Users\user9\AppData\Local\Programs\MiKTeX 2.9\tex/latex/etex-pkg\etex.sty

Package etex Warning: Extended allocation already in use.
(etex)                etex.sty code will not be used.
(etex)                To force etex package to load, add
(etex)                \RequirePackage{etex}
(etex)                at the start of the document.

)
(C:\Users\user9\AppData\Local\Programs\MiKTeX 2.9\tex/latex/zref\zref-savepos.s
ty))
(C:\Users\user9\AppData\Local\Programs\MiKTeX 2.9\tex/latex/multirow\multirow.s
ty)
(C:\Users\user9\AppData\Local\Programs\MiKTeX 2.9\tex/latex/totcount\totcount.s
ty))
(C:\Users\user9\AppData\Local\Programs\MiKTeX 2.9\tex/latex/tools\tabularx.sty
(C:\Users\user9\AppData\Local\Programs\MiKTeX 2.9\tex/latex/tools\array.sty))
(C:\Users\user9\AppData\Local\Programs\MiKTeX 2.9\tex/latex/amsmath\amsmath.sty
For additional information on amsmath, use the `?' option.

(C:\Users\user9\AppData\Local\Programs\MiKTeX 2.9\tex/latex/amsmath\amstext.sty
(C:\Users\user9\AppData\Local\Programs\MiKTeX 2.9\tex/latex/amsmath\amsgen.sty)
)
(C:\Users\user9\AppData\Local\Programs\MiKTeX 2.9\tex/latex/amsmath\amsbsy.sty)
 (C:\Users\user9\AppData\Local\Programs\MiKTeX 2.9\tex/latex/amsmath\amsopn.sty
))
(C:\Users\user9\AppData\Local\Programs\MiKTeX 2.9\tex/latex/amsfonts\amssymb.st
y
(C:\Users\user9\AppData\Local\Programs\MiKTeX 2.9\tex/latex/amsfonts\amsfonts.s
ty))
(C:\Users\user9\AppData\Local\Programs\MiKTeX 2.9\tex/latex/minted\minted.sty
(C:\Users\user9\AppData\Local\Programs\MiKTeX 2.9\tex/latex/fvextra\fvextra.sty

(C:\Users\user9\AppData\Local\Programs\MiKTeX 2.9\tex/latex/fancyvrb\fancyvrb.s
ty)
(C:\Users\user9\AppData\Local\Programs\MiKTeX 2.9\tex/latex/upquote\upquote.sty
(C:\Users\user9\AppData\Local\Programs\MiKTeX 2.9\tex/latex/base\textcomp.sty))
 (C:\Users\user9\AppData\Local\Programs\MiKTeX 2.9\tex/latex/lineno\lineno.sty)
)
(C:\Users\user9\AppData\Local\Programs\MiKTeX 2.9\tex/latex/tools\shellesc.sty)

(C:\Users\user9\AppData\Local\Programs\MiKTeX 2.9\tex/latex/ifplatform\ifplatfo
rm.sty
(C:\Users\user9\AppData\Local\Programs\MiKTeX 2.9\tex/generic/catchfile\catchfi
le.sty)
(C:\Users\user9\AppData\Local\Programs\MiKTeX 2.9\tex/generic/iftex\ifluatex.st
y))
(C:\Users\user9\AppData\Local\Programs\MiKTeX 2.9\tex/latex/xstring\xstring.sty

(C:\Users\user9\AppData\Local\Programs\MiKTeX 2.9\tex/generic/xstring\xstring.t
ex))
(C:\Users\user9\AppData\Local\Programs\MiKTeX 2.9\tex/latex/framed\framed.sty)
(C:\Users\user9\AppData\Local\Programs\MiKTeX 2.9\tex/latex/float\float.sty))
(C:\Users\user9\AppData\Local\Programs\MiKTeX 2.9\tex/latex/listings\listings.s
ty
(C:\Users\user9\AppData\Local\Programs\MiKTeX 2.9\tex/latex/listings\lstmisc.st
y)
(C:\Users\user9\AppData\Local\Programs\MiKTeX 2.9\tex/latex/listings\listings.c
fg))
(C:\Users\user9\AppData\Local\Programs\MiKTeX 2.9\tex/latex/lstfiracode\lstfira
code.sty)
(C:\Users\user9\AppData\Local\Programs\MiKTeX 2.9\tex/latex/units\nicefrac.sty)
 (main/config.tex)
D:\prj\tex\bdrvntu>set  /p x=C:\Python34\Scripts\pygmentize.exe 0<nul: 1>>bdr.aex 

D:\prj\tex\bdrvntu>set  /p x= 0<nul: 1>>bdr.aex 

D:\prj\tex\bdrvntu>set  /p x= 0<nul: 1>>bdr.aex 

No file bdr.aux.
(C:\Users\user9\AppData\Local\Programs\MiKTeX 2.9\tex/latex/cyrillic\t2acmr.fd)
<<t2a.cmap>>
*geometry* driver: auto-detecting
*geometry* detected driver: pdftex

(C:\Users\user9\AppData\Local\Programs\MiKTeX 2.9\tex/context/base/mkii\supp-pd
f.mkii
[Loading MPS to PDF converter (version 2006.09.02).]
)
(C:\Users\user9\AppData\Local\Programs\MiKTeX 2.9\tex/latex/epstopdf-pkg\epstop
df-base.sty
(C:\Users\user9\AppData\Local\Programs\MiKTeX 2.9\tex/latex/00miktex\epstopdf-s
ys.cfg))
(C:\Users\user9\AppData\Local\Programs\MiKTeX 2.9\tex/latex/hyperref\nameref.st
y
(C:\Users\user9\AppData\Local\Programs\MiKTeX 2.9\tex/latex/refcount\refcount.s
ty)
(C:\Users\user9\AppData\Local\Programs\MiKTeX 2.9\tex/generic/gettitlestring\ge
ttitlestring.sty))
(C:\Users\user9\AppData\Local\Programs\MiKTeX 2.9\tex/latex/pdflscape\pdflscape
.sty
(C:\Users\user9\AppData\Local\Programs\MiKTeX 2.9\tex/latex/graphics\lscape.sty
))

LaTeX Warning: Reference `linegoal.0' on page 1 undefined on input line 21.


Package linegoal Warning: \linegoal value on page 1 has changed 
(linegoal)                since last run. Please rerun to get 
(linegoal)                the correct value on input line 21.


Overfull \hbox (13.70009pt too wide) in paragraph at lines 21--21
[]\T2A/cmr/m/n/14.4 гiЁ[] 
<<ot1.cmap>><<oml.cmap>><<oms.cmap>><<omx.cmap>>
(C:\Users\user9\AppData\Local\Programs\MiKTeX 2.9\tex/latex/amsfonts\umsa.fd)
(C:\Users\user9\AppData\Local\Programs\MiKTeX 2.9\tex/latex/amsfonts\umsb.fd)
[1{C:/Users/user9/AppData/Local/MiKTeX/2.9/fonts/map/pdftex/pdftex.map}]
(main/assignment.tex

LaTeX Warning: Reference `linegoal.1' on page 2 undefined on input line 42.


Package linegoal Warning: \linegoal value on page 2 has changed 
(linegoal)                since last run. Please rerun to get 
(linegoal)                the correct value on input line 42.


Overfull \hbox (444.7022pt too wide) in paragraph at lines 42--42
\T2A/cmr/m/n/14.4 Факультет []iн[]-[]те[]-[]ле[]-[]кту[]-[]аль[]-[]них [][]iн[]
-[]фор[]-[]ма[]-[]цiй[]-[]них [][]те[]-[]хно[]-[]ло[]-[]гiй [][]та [][]ав[]-[]т
о[]-[]ма[]-[]ти[]-[]за[]-[]цiЁ[] 

LaTeX Warning: Reference `linegoal.2' on page 2 undefined on input line 42.


Package linegoal Warning: \linegoal value on page 2 has changed 
(linegoal)                since last run. Please rerun to get 
(linegoal)                the correct value on input line 42.


Overfull \hbox (434.80377pt too wide) in paragraph at lines 42--42
\T2A/cmr/m/n/14.4 Кафедра []ав[]-[]то[]-[]ма[]-[]ти[]-[]за[]-[]цiЁ [][]та [][]i
н[]-[]те[]-[]ле[]-[]кту[]-[]аль[]-[]них [][]iн[]-[]фор[]-[]ма[]-[]цiй[]-[]них [
][]те[]-[]хно[]-[]ло[]-[]гiй[] 

LaTeX Warning: Reference `linegoal.3' on page 2 undefined on input line 42.


Package linegoal Warning: \linegoal value on page 2 has changed 
(linegoal)                since last run. Please rerun to get 
(linegoal)                the correct value on input line 42.


Overfull \hbox (308.59038pt too wide) in paragraph at lines 42--42
\T2A/cmr/m/n/14.4 Галузь знань []ав[]-[]то[]-[]ма[]-[]ти[]-[]за[]-[]цiя [][]та 
[][]при[]-[]ла[]-[]до[]-[]бу[]-[]ду[]-[]ва[]-[]н[]-[]ня[] 

LaTeX Warning: Reference `linegoal.4' on page 2 undefined on input line 42.


Package linegoal Warning: \linegoal value on page 2 has changed 
(linegoal)                since last run. Please rerun to get 
(linegoal)                the correct value on input line 42.


Overfull \hbox (457.05873pt too wide) in paragraph at lines 42--42
\T2A/cmr/m/n/14.4 Спецiальнiсть []151 [][]-- [][]Ав[]-[]то[]-[]ма[]-[]ти[]-[]за
[]-[]цiя [][]та [][]комп'ютерно[]-[]iн[]-[]те[]-[]гро[]-[]ва[]-[]нi [][]те[]-[]
хно[]-[]ло[]-[]гiЁ[] 

LaTeX Warning: Reference `linegoal.5' on page 2 undefined on input line 42.


Package linegoal Warning: \linegoal value on page 2 has changed 
(linegoal)                since last run. Please rerun to get 
(linegoal)                the correct value on input line 42.


Overfull \hbox (49.87332pt too wide) in paragraph at lines 42--42
[]\T2A/cmr/m/n/14.4 хно[]-[]ло[]-[]гiЁ[] 

LaTeX Warning: Reference `linegoal.6' on page 2 undefined on input line 42.


Package linegoal Warning: \linegoal value on page 2 has changed 
(linegoal)                since last run. Please rerun to get 
(linegoal)                the correct value on input line 42.


Overfull \hbox (36.36378pt too wide) in paragraph at lines 42--42
[]\T2A/cmr/m/n/14.4 че[]-[]н[]-[]ня[] 

LaTeX Warning: Reference `linegoal.7' on page 2 undefined on input line 42.


Package linegoal Warning: \linegoal value on page 2 has changed 
(linegoal)                since last run. Please rerun to get 
(linegoal)                the correct value on input line 42.


Overfull \hbox (306.2847pt too wide) in paragraph at lines 42--42
\T2A/cmr/m/n/14.4 керiвник ро-бо-ти: []Ов[]-[]чин[]-[]ни[]-[]ков [][]К. [][]В.[
], [][]к.т.н.[], [][]до[]-[]цент[] 

LaTeX Warning: Reference `linegoal.8' on page 2 undefined on input line 42.


Package linegoal Warning: \linegoal value on page 2 has changed 
(linegoal)                since last run. Please rerun to get 
(linegoal)                the correct value on input line 42.


Overfull \hbox (28.66904pt too wide) in paragraph at lines 42--42
[][]\T2A/cmr/m/n/14.4 ќ [][]65[] 

LaTeX Warning: Reference `linegoal.9' on page 2 undefined on input line 42.


Package linegoal Warning: \linegoal value on page 2 has changed 
(linegoal)                since last run. Please rerun to get 
(linegoal)                the correct value on input line 42.


Overfull \hbox (284.60326pt too wide) in paragraph at lines 42--42
\T2A/cmr/m/n/14.4 2. Строк по-да-н-ня сту-ден-том ро-бо-ти []07.06.2021[] 

LaTeX Warning: Reference `linegoal.10' on page 2 undefined on input line 42.


Package linegoal Warning: \linegoal value on page 2 has changed 
(linegoal)                since last run. Please rerun to get 
(linegoal)                the correct value on input line 42.


Overfull \hbox (123.73744pt too wide) in paragraph at lines 42--42
[][]\T2A/cmr/m/n/14.4 за[]-[]лi[]-[]зни[]-[]чних [][]ва[]-[]го[]-[]нiв[] 

LaTeX Warning: Reference `linegoal.11' on page 2 undefined on input line 42.


Package linegoal Warning: \linegoal value on page 2 has changed 
(linegoal)                since last run. Please rerun to get 
(linegoal)                the correct value on input line 42.


Overfull \hbox (16.75609pt too wide) in paragraph at lines 42--42
[]\T2A/cmr/m/n/14.4 ми[] 
[2]
Underfull \hbox (badness 10000) in paragraph at lines 42--42
[]|\T2A/cmr/m/n/14.4 завдання

Underfull \hbox (badness 10000) in paragraph at lines 42--42
[]|\T2A/cmr/m/n/14.4 завдання

LaTeX Warning: Reference `linegoal.12' on page 3 undefined on input line 42.


Package linegoal Warning: \linegoal value on page 3 has changed 
(linegoal)                since last run. Please rerun to get 
(linegoal)                the correct value on input line 42.


Overfull \hbox (213.0163pt too wide) in paragraph at lines 42--42
\T2A/cmr/m/n/14.4 7. Да-та ви-да-чi зав-да-н-ня []03.02.2021[] 

Underfull \hbox (badness 10000) in paragraph at lines 42--42
[]|\T2A/cmr/m/n/14.4 ќ

Underfull \hbox (badness 1057) in paragraph at lines 42--42
[]|\T2A/cmr/m/n/14.4 Назва ета-пiв ба-ка-лавр-ськоЁ ди-плом-ноЁ

Underfull \hbox (badness 1577) in paragraph at lines 42--42
[]|\T2A/cmr/m/n/14.4 Строк ви-ко-на-

Overfull \hbox (2.87457pt too wide) in paragraph at lines 42--42
[]|\T2A/cmr/m/n/14.4 Примiтка| 

Underfull \hbox (badness 10000) in paragraph at lines 42--42
[]|\T2A/cmr/m/n/14.4 01.02.2021
[3]) (main/annotation-sp.tex

Package totcount Warning: Rerun to get correct total counts on input line 7.


Package totcount Warning: Rerun to get correct total counts on input line 7.


(C:\Users\user9\AppData\Local\Programs\MiKTeX 2.9\tex/latex/cyrillic\t2acmtt.fd
)
Overfull \hbox (4.81787pt too wide) in paragraph at lines 10--13
\T2A/cmr/m/n/14.4 дав-ни-чоЁ си-сте-ми L[]T[]X в цi-ло-му та мо-жли-во-стя-ми к
ла-су до-ку-мен-ту [][]\T2A/cmtt/m/n/14.4 bdrvntu

Package totcount Warning: Rerun to get correct total counts on input line 21.


Package totcount Warning: Rerun to get correct total counts on input line 22.


Overfull \hbox (7.3129pt too wide) in paragraph at lines 20--23
[]\T2A/cmr/m/n/14.4 The submi-tted document consi-sts of an introducti-on, two 
secti-ons, conclusi-

Overfull \hbox (2.08142pt too wide) in paragraph at lines 29--31
[]\T2A/cmr/m/n/14.4 Key words: publi-shi-ng system, T[]X, L[]T[]X, bachelor, qu
ali-fi-cati-on valuable
[3]) (main/preface.tex [4]

LaTeX Warning: Citation `latexctan' on page 5 undefined on input line 10.


Overfull \hbox (7.69844pt too wide) in paragraph at lines 4--11
[]\T2A/cmr/m/n/14.4 Пояснювальна за-пи-ска до ба-ка-лавр-ськоЁ ква-лi-фi-ка-цiй
-ноЁ ро-бо-ти № скла-
) (main/chapter1.tex [5] [6]

LaTeX Warning: Reference `fig:tux' on page 7 undefined on input line 50.


LaTeX Warning: Reference `apdx:text' on page 7 undefined on input line 58.


LaTeX Warning: Reference `apdxfig:tux' on page 7 undefined on input line 58.

[7 <./img/Tux.png>]

LaTeX Warning: `h' float specifier changed to `ht'.


LaTeX Warning: Reference `table:2' on page 8 undefined on input line 104.

[8 <./img/fig1.png>] [9] [10] [11]) (main/chapter2.tex [12]

LaTeX Warning: Citation `WinNT' on page 13 undefined on input line 17.


LaTeX Warning: Citation `Vasylenko92' on page 13 undefined on input line 17.


LaTeX Warning: Citation `Afanasyev92' on page 13 undefined on input line 17.


LaTeX Warning: Citation `Makilov91' on page 13 undefined on input line 17.


LaTeX Warning: Citation `Ponomarenko86' on page 13 undefined on input line 17.


LaTeX Warning: Citation `Belousova81' on page 13 undefined on input line 17.


LaTeX Warning: Citation `Tezisy' on page 13 undefined on input line 17.


LaTeX Warning: Citation `Statia' on page 13 undefined on input line 17.


LaTeX Warning: Citation `GOST7184' on page 13 undefined on input line 17.

) (main/summary.tex [13]) (bib/biblio.tex
No file bdr.bbl.
) [14] [15] (main/appendix-text.tex
pdfTeX warning (ext4): destination with the same identifier (name{chapter.1}) h
as been already used, duplicate ignored
<to be read again> 
                   \relax 
l.2 ...Р»Р°Рґ С‚РµРєСЃС‚РѕРІРѕРіРѕ РґРѕРґР°С‚РєСѓ}
                                                  

LaTeX Warning: Reference `apdxfig:tux' on page 16 undefined on input line 12.


LaTeX Warning: Reference `linkpage' on page 16 undefined on input line 13.


pdfTeX warning (ext4): destination with the same identifier (name{figure.1.1}) 
has been already used, duplicate ignored
<to be read again> 
                   \relax 
l.18  \caption
              {РџС–РЅРіРІС–РЅ}
pdfTeX warning (ext4): destination with the same identifier (name{table.1.1}) h
as been already used, duplicate ignored
<to be read again> 
                   \relax 
l.26 \caption
             {\label{apdxtable:1}Р¤СѓРЅРєС†С–РѕРЅР°Р»СЊРЅР° Р·Р°Р»РµР¶РЅС–СЃ...

LaTeX Warning: `h' float specifier changed to `ht'.


pdfTeX warning (ext4): destination with the same identifier (name{table.1.2}) h
as been already used, duplicate ignored
<to be read again> 
                   \relax 
l.42 \caption
             {\label{apdxtable:2}РћСЃРЅРѕРІРЅС– С‚Р° РґРµСЏРєС– РїРѕС…С–РґРЅ...

LaTeX Warning: `h' float specifier changed to `ht'.

) (main/appendix-a3l.tex [16] [17]
pdfTeX warning (ext4): destination with the same identifier (name{chapter.2}) h
as been already used, duplicate ignored
<to be read again> 
                   \relax 
l.3 ...»РёРєРѕС„РѕСЂРјР°С‚РЅРѕРіРѕ РґРѕРґР°С‚РєСѓ}
                                                  \label{apdx:a3}

LaTeX Warning: Reference `apdx:ozpsch' on page 18 undefined on input line 8.

[18 <./img/umldiagram.png>]) (main/appendix-scheme.tex
(C:/Users/user9/MiKTeX ttfonts\tex/latex/microsoft/isocpeur\t2aiso.fd)
Error!
[19 <./img/sch4.pdf>]) (main/appendix-listing.tex [20]

! LaTeX Error: \begin{document} ended by \end{verbatim}.

See the LaTeX manual or LaTeX Companion for explanation.
Type  H <return>  for immediate help.
 ...                                              
                                                  
l.120 %\end{verbatim}
                     }
? 
! Emergency stop.
 ...                                              
                                                  
l.120 %\end{verbatim}
                     }
!  ==> Fatal error occurred, no output PDF file produced!
Transcript written on bdr.log.
‡ ўҐаиЁвм ўлЇ®«­Ґ­ЁҐ Ї ЄҐв­®Ј® д ©«  [Y(¤ )/N(­Ґв)]? 

D:\prj\tex\bdrvntu>